<?xml version="1.0" encoding="UTF-8"?>
<!-- Generated by org.testng.reporters.JUnitReportReporter -->
<testsuite hostname="DESKTOP-Q9R4EMM" failures="0" tests="1" name="TestngCoreJava.PS1" time="0.052" errors="0" timestamp="2023-10-04T14:58:38 IST" skipped="0">
  <testcase classname="TestngCoreJava.PS1" name="testRun" time="0.052"/>
</testsuite> <!-- TestngCoreJava.PS1 -->
