<?xml version="1.0" encoding="UTF-8"?>
<!-- Generated by org.testng.reporters.JUnitReportReporter -->
<testsuite hostname="DESKTOP-Q9R4EMM" failures="0" tests="1" name="testngFramework.day2" time="0.022" errors="0" timestamp="2023-10-04T11:28:57 IST" skipped="0">
  <testcase classname="testngFramework.day2" name="plan" time="0.022"/>
</testsuite> <!-- testngFramework.day2 -->
