<?xml version="1.0" encoding="UTF-8"?>
<!-- Generated by org.testng.reporters.JUnitReportReporter -->
<testsuite hostname="DESKTOP-Q9R4EMM" failures="0" tests="3" name="testngFramework.day4" time="0.007" errors="0" timestamp="2023-10-03T17:18:16 IST" skipped="0">
  <testcase classname="testngFramework.day4" name="LoginAPICarLoan" time="0.002"/>
  <testcase classname="testngFramework.day4" name="MobileLoginHomeLoan" time="0.003"/>
  <testcase classname="testngFramework.day4" name="WebLoginHomeLoan" time="0.002"/>
</testsuite> <!-- testngFramework.day4 -->
