<?xml version="1.0" encoding="UTF-8"?>
<!-- Generated by org.testng.reporters.JUnitReportReporter -->
<testsuite hostname="DESKTOP-Q9R4EMM" failures="0" tests="6" name="testngFramework.day3" time="0.158" errors="0" timestamp="2023-10-04T11:28:57 IST" skipped="1">
  <testcase classname="testngFramework.day3" name="WebLoginCarLoan" time="0.004"/>
  <testcase classname="testngFramework.day3" name="MobileLoginCarLoan" time="0.018"/>
  <testcase classname="testngFramework.day3" name="MobileSignoutCarLoan" time="0.042"/>
  <testcase classname="testngFramework.day3" name="MobileLoginCarLoan" time="0.074"/>
  <testcase classname="testngFramework.day3" name="MobileLoginCarLoan" time="0.020"/>
  <testcase classname="testngFramework.day3" name="MobileSigninCarLoan">
    <skipped/>
  </testcase> <!-- MobileSigninCarLoan -->
</testsuite> <!-- testngFramework.day3 -->
