<?xml version="1.0" encoding="UTF-8"?>
<!-- Generated by org.testng.reporters.JUnitReportReporter -->
<testsuite hostname="DESKTOP-Q9R4EMM" failures="0" tests="1" name="javastreams.test1" time="0.021" errors="0" timestamp="2023-10-03T12:02:40 IST" skipped="0">
  <testcase classname="javastreams.test1" name="StreamMap" time="0.021"/>
</testsuite> <!-- javastreams.test1 -->
